{
  "uid" : "63ad73176462f0b4",
  "name" : "test_search_airmax",
  "fullName" : "testinterview.amazon.test_search#test_search_airmax",
  "historyId" : "4a3cdf36f1f56dc7c43066bf3e000a70",
  "time" : {
    "start" : 1574213793041,
    "stop" : 1574213793725,
    "duration" : 684
  },
  "status" : "failed",
  "statusMessage" : "AssertionError: assert 'Robot Check' == 'Amazon.com: ..., DVDs & more'\n  - Robot Check\n  + Amazon.com: Online Shopping for Electronics, Apparel, Computers, Books, DVDs & more",
  "statusTrace" : "env_setup = None\n\n    def test_search_airmax(env_setup):\n        # navigate to Amazon.com home page\n        driver.get(base_url)\n        # verify that website title is Amazon.com\n>       assert driver.title == expected_title\nE       AssertionError: assert 'Robot Check' == 'Amazon.com: ..., DVDs & more'\nE         - Robot Check\nE         + Amazon.com: Online Shopping for Electronics, Apparel, Computers, Books, DVDs & more\n\ntestinterview/amazon/test_search.py:30: AssertionError",
  "flaky" : false,
  "newFailed" : false,
  "beforeStages" : [ {
    "name" : "env_setup",
    "time" : {
      "start" : 1574213790523,
      "stop" : 1574213793038,
      "duration" : 2515
    },
    "status" : "passed",
    "steps" : [ ],
    "attachments" : [ ],
    "parameters" : [ ],
    "stepsCount" : 0,
    "attachmentsCount" : 0,
    "shouldDisplayMessage" : false,
    "hasContent" : false
  } ],
  "afterStages" : [ {
    "name" : "env_setup::0",
    "time" : {
      "start" : 1574213793775,
      "stop" : 1574213794356,
      "duration" : 581
    },
    "status" : "passed",
    "steps" : [ ],
    "attachments" : [ {
      "uid" : "839f3d6f2ab7f2e0",
      "name" : "Screenshot",
      "source" : "839f3d6f2ab7f2e0.png",
      "type" : "image/png",
      "size" : 166401
    } ],
    "parameters" : [ ],
    "stepsCount" : 0,
    "attachmentsCount" : 1,
    "shouldDisplayMessage" : false,
    "hasContent" : true
  } ],
  "labels" : [ {
    "name" : "parentSuite",
    "value" : "testinterview.amazon"
  }, {
    "name" : "suite",
    "value" : "test_search"
  }, {
    "name" : "host",
    "value" : "Richelios-MacBook-Pro.local"
  }, {
    "name" : "thread",
    "value" : "4208-MainThread"
  }, {
    "name" : "framework",
    "value" : "pytest"
  }, {
    "name" : "language",
    "value" : "cpython3"
  }, {
    "name" : "package",
    "value" : "testinterview.amazon.test_search"
  }, {
    "name" : "resultFormat",
    "value" : "allure2"
  } ],
  "parameters" : [ ],
  "links" : [ ],
  "hidden" : false,
  "retry" : false,
  "extra" : {
    "severity" : "normal",
    "retries" : [ {
      "uid" : "bd51de1ada129fad",
      "status" : "passed",
      "time" : {
        "start" : 1574213272327,
        "stop" : 1574213277264,
        "duration" : 4937
      }
    }, {
      "uid" : "1ef206a8f5ec34b4",
      "status" : "broken",
      "statusDetails" : "selenium.common.exceptions.WebDriverException: Message: 'C:\\Users\\chromedriver.exe' executable needs to be in PATH. Please see https://sites.google.com/a/chromium.org/chromedriver/home",
      "time" : {
        "start" : 1574213086408,
        "stop" : 1574213086408,
        "duration" : 0
      }
    } ],
    "categories" : [ {
      "name" : "Product defects",
      "matchedStatuses" : [ ],
      "flaky" : false
    } ],
    "tags" : [ ]
  },
  "source" : "63ad73176462f0b4.json",
  "parameterValues" : [ ]
}